<?xml version="1.0" encoding="UTF-8"?>
<testng-results ignored="2" total="4" passed="2" failed="0" skipped="0">
  <reporter-output>
  </reporter-output>
  <suite started-at="2025-05-27T12:27:03 GMT+05:00" name="Test Suite" finished-at="2025-05-27T12:27:08 GMT+05:00" duration-ms="4616">
    <groups>
    </groups>
    <test started-at="2025-05-27T12:27:03 GMT+05:00" name="Login and Price Tests" finished-at="2025-05-27T12:27:08 GMT+05:00" duration-ms="4616">
      <class name="tests.searchtest.SearchTest">
        <test-method signature="loginTest()[pri:0, instance:tests.searchtest.SearchTest@38c9e0d6]" started-at="2025-05-27T12:27:05 GMT+05:00" name="loginTest" finished-at="2025-05-27T12:27:08 GMT+05:00" duration-ms="2715" status="PASS">
          <reporter-output>
          </reporter-output>
        </test-method> <!-- loginTest -->
      </class> <!-- tests.searchtest.SearchTest -->
      <class name="tests.loggingtest.LoggingTest">
        <test-method signature="loginTest()[pri:0, instance:tests.loggingtest.LoggingTest@196ae579]" started-at="2025-05-27T12:27:03 GMT+05:00" name="loginTest" finished-at="2025-05-27T12:27:05 GMT+05:00" duration-ms="1729" status="PASS">
          <reporter-output>
          </reporter-output>
        </test-method> <!-- loginTest -->
        <test-method is-config="true" signature="clearCookiesAndLocalStorage()[pri:0, instance:tests.loggingtest.LoggingTest@196ae579]" started-at="2025-05-27T12:27:08 GMT+05:00" name="clearCookiesAndLocalStorage" finished-at="2025-05-27T12:27:08 GMT+05:00" duration-ms="16" status="PASS">
          <reporter-output>
          </reporter-output>
        </test-method> <!-- clearCookiesAndLocalStorage -->
        <test-method is-config="true" signature="clear()[pri:0, instance:tests.loggingtest.LoggingTest@196ae579]" started-at="2025-05-27T12:27:08 GMT+05:00" name="clear" finished-at="2025-05-27T12:27:08 GMT+05:00" duration-ms="111" status="PASS">
          <reporter-output>
          </reporter-output>
        </test-method> <!-- clear -->
      </class> <!-- tests.loggingtest.LoggingTest -->
    </test> <!-- Login and Price Tests -->
  </suite> <!-- Test Suite -->
</testng-results>
