<?xml version="1.0" encoding="UTF-8"?>
<!-- Generated by org.testng.reporters.JUnitXMLReporter -->
<testsuite ignored="2" hostname="DESKTOP-MLS8Q33" failures="0" tests="2" name="Login and Price Tests" time="4.616" errors="0" timestamp="2025-05-27T12:27:08 GMT+05:00">
  <testcase classname="tests.loggingtest.LoggingTest" name="loginTest" time="1.729"/>
  <testcase classname="tests.searchtest.SearchTest" name="loginTest" time="2.715"/>
  <testcase classname="tests.base.BaseTest" name="@AfterTest clearCookiesAndLocalStorage" time="0.0">
    <ignored/>
  </testcase> <!-- @AfterTest clearCookiesAndLocalStorage -->
  <testcase classname="tests.base.BaseTest" name="@AfterSuite clear" time="0.0">
    <ignored/>
  </testcase> <!-- @AfterSuite clear -->
</testsuite> <!-- Login and Price Tests -->
